{"C:\\Users\\Thibaut\\Documents\\DevProjects\\WlmscpfsApi-Docker\\src\\config\\constants.js": {"path":"C:\\Users\\Thibaut\\Documents\\DevProjects\\WlmscpfsApi-Docker\\src\\config\\constants.js","statementMap":{"0":{"start":{"line":1,"column":0},"end":{"line":1,"column":45}},"1":{"start":{"line":2,"column":0},"end":{"line":2,"column":42}},"2":{"start":{"line":3,"column":0},"end":{"line":3,"column":27}},"3":{"start":{"line":4,"column":0},"end":{"line":4,"column":34}},"4":{"start":{"line":5,"column":0},"end":{"line":5,"column":31}},"5":{"start":{"line":6,"column":0},"end":{"line":6,"column":47}},"6":{"start":{"line":7,"column":0},"end":{"line":7,"column":92}}},"fnMap":{},"branchMap":{},"s":{"0":1,"1":1,"2":1,"3":1,"4":1,"5":1,"6":1},"f":{},"b":{},"_coverageSchema":"332fd63041d2c1bcb487cc26dd0d5f7d97098a6c","hash":"3e21144466f9f5682bd63e525185daa6fdce1405"}
,"C:\\Users\\Thibaut\\Documents\\DevProjects\\WlmscpfsApi-Docker\\src\\helpers\\promise.js": {"path":"C:\\Users\\Thibaut\\Documents\\DevProjects\\WlmscpfsApi-Docker\\src\\helpers\\promise.js","statementMap":{"0":{"start":{"line":1,"column":16},"end":{"line":1,"column":35}},"1":{"start":{"line":2,"column":11},"end":{"line":2,"column":46}},"2":{"start":{"line":4,"column":17},"end":{"line":4,"column":47}},"3":{"start":{"line":6,"column":0},"end":{"line":6,"column":22}},"4":{"start":{"line":8,"column":0},"end":{"line":12,"column":1}},"5":{"start":{"line":9,"column":2},"end":{"line":11,"column":34}},"6":{"start":{"line":9,"column":34},"end":{"line":11,"column":33}},"7":{"start":{"line":10,"column":16},"end":{"line":10,"column":20}},"8":{"start":{"line":11,"column":18},"end":{"line":11,"column":31}},"9":{"start":{"line":14,"column":0},"end":{"line":14,"column":72}},"10":{"start":{"line":14,"column":43},"end":{"line":14,"column":72}},"11":{"start":{"line":16,"column":0},"end":{"line":16,"column":31}},"12":{"start":{"line":18,"column":0},"end":{"line":21,"column":1}},"13":{"start":{"line":19,"column":2},"end":{"line":19,"column":26}},"14":{"start":{"line":20,"column":2},"end":{"line":20,"column":12}},"15":{"start":{"line":22,"column":0},"end":{"line":25,"column":1}},"16":{"start":{"line":23,"column":2},"end":{"line":23,"column":26}},"17":{"start":{"line":24,"column":2},"end":{"line":24,"column":12}},"18":{"start":{"line":27,"column":0},"end":{"line":30,"column":1}},"19":{"start":{"line":28,"column":2},"end":{"line":28,"column":25}},"20":{"start":{"line":29,"column":2},"end":{"line":29,"column":12}},"21":{"start":{"line":31,"column":0},"end":{"line":34,"column":1}},"22":{"start":{"line":32,"column":2},"end":{"line":32,"column":26}},"23":{"start":{"line":33,"column":2},"end":{"line":33,"column":12}},"24":{"start":{"line":35,"column":0},"end":{"line":38,"column":1}},"25":{"start":{"line":36,"column":2},"end":{"line":36,"column":26}},"26":{"start":{"line":37,"column":2},"end":{"line":37,"column":12}}},"fnMap":{"0":{"name":"(anonymous_0)","decl":{"start":{"line":8,"column":36},"end":{"line":8,"column":37}},"loc":{"start":{"line":9,"column":2},"end":{"line":11,"column":34}},"line":9},"1":{"name":"(anonymous_1)","decl":{"start":{"line":9,"column":26},"end":{"line":9,"column":27}},"loc":{"start":{"line":9,"column":34},"end":{"line":11,"column":33}},"line":9},"2":{"name":"(anonymous_2)","decl":{"start":{"line":10,"column":10},"end":{"line":10,"column":11}},"loc":{"start":{"line":10,"column":16},"end":{"line":10,"column":20}},"line":10},"3":{"name":"(anonymous_3)","decl":{"start":{"line":11,"column":11},"end":{"line":11,"column":12}},"loc":{"start":{"line":11,"column":18},"end":{"line":11,"column":31}},"line":11},"4":{"name":"(anonymous_4)","decl":{"start":{"line":14,"column":27},"end":{"line":14,"column":28}},"loc":{"start":{"line":14,"column":43},"end":{"line":14,"column":72}},"line":14},"5":{"name":"(anonymous_5)","decl":{"start":{"line":18,"column":35},"end":{"line":18,"column":36}},"loc":{"start":{"line":18,"column":53},"end":{"line":21,"column":1}},"line":18},"6":{"name":"(anonymous_6)","decl":{"start":{"line":22,"column":35},"end":{"line":22,"column":36}},"loc":{"start":{"line":22,"column":53},"end":{"line":25,"column":1}},"line":22},"7":{"name":"(anonymous_7)","decl":{"start":{"line":27,"column":34},"end":{"line":27,"column":35}},"loc":{"start":{"line":27,"column":52},"end":{"line":30,"column":1}},"line":27},"8":{"name":"(anonymous_8)","decl":{"start":{"line":31,"column":35},"end":{"line":31,"column":36}},"loc":{"start":{"line":31,"column":53},"end":{"line":34,"column":1}},"line":31},"9":{"name":"(anonymous_9)","decl":{"start":{"line":35,"column":35},"end":{"line":35,"column":36}},"loc":{"start":{"line":35,"column":53},"end":{"line":38,"column":1}},"line":35}},"branchMap":{},"s":{"0":1,"1":1,"2":1,"3":1,"4":1,"5":2,"6":4,"7":3,"8":1,"9":1,"10":0,"11":1,"12":1,"13":0,"14":0,"15":1,"16":0,"17":0,"18":1,"19":0,"20":0,"21":1,"22":0,"23":0,"24":1,"25":0,"26":0},"f":{"0":2,"1":4,"2":3,"3":1,"4":0,"5":0,"6":0,"7":0,"8":0,"9":0},"b":{},"_coverageSchema":"332fd63041d2c1bcb487cc26dd0d5f7d97098a6c","hash":"0d95392d5ffcd0f6ce4e4e164dd2a6eff89dc519"}
,"C:\\Users\\Thibaut\\Documents\\DevProjects\\WlmscpfsApi-Docker\\src\\helpers\\redis.js": {"path":"C:\\Users\\Thibaut\\Documents\\DevProjects\\WlmscpfsApi-Docker\\src\\helpers\\redis.js","statementMap":{"0":{"start":{"line":1,"column":16},"end":{"line":1,"column":35}},"1":{"start":{"line":3,"column":0},"end":{"line":12,"column":1}},"2":{"start":{"line":4,"column":2},"end":{"line":11,"column":4}},"3":{"start":{"line":5,"column":4},"end":{"line":7,"column":6}},"4":{"start":{"line":6,"column":6},"end":{"line":6,"column":47}},"5":{"start":{"line":8,"column":4},"end":{"line":10,"column":6}},"6":{"start":{"line":9,"column":6},"end":{"line":9,"column":17}},"7":{"start":{"line":15,"column":0},"end":{"line":21,"column":4}},"8":{"start":{"line":16,"column":2},"end":{"line":21,"column":4}},"9":{"start":{"line":17,"column":4},"end":{"line":20,"column":6}},"10":{"start":{"line":18,"column":6},"end":{"line":18,"column":26}},"11":{"start":{"line":18,"column":15},"end":{"line":18,"column":26}},"12":{"start":{"line":19,"column":6},"end":{"line":19,"column":32}},"13":{"start":{"line":24,"column":0},"end":{"line":30,"column":4}},"14":{"start":{"line":25,"column":2},"end":{"line":30,"column":4}},"15":{"start":{"line":26,"column":4},"end":{"line":29,"column":6}},"16":{"start":{"line":27,"column":6},"end":{"line":27,"column":26}},"17":{"start":{"line":27,"column":15},"end":{"line":27,"column":26}},"18":{"start":{"line":28,"column":6},"end":{"line":28,"column":18}},"19":{"start":{"line":33,"column":0},"end":{"line":39,"column":4}},"20":{"start":{"line":34,"column":2},"end":{"line":39,"column":4}},"21":{"start":{"line":35,"column":4},"end":{"line":38,"column":6}},"22":{"start":{"line":36,"column":6},"end":{"line":36,"column":26}},"23":{"start":{"line":36,"column":15},"end":{"line":36,"column":26}},"24":{"start":{"line":37,"column":6},"end":{"line":37,"column":69}},"25":{"start":{"line":42,"column":0},"end":{"line":48,"column":4}},"26":{"start":{"line":43,"column":2},"end":{"line":48,"column":4}},"27":{"start":{"line":44,"column":4},"end":{"line":47,"column":6}},"28":{"start":{"line":45,"column":6},"end":{"line":45,"column":26}},"29":{"start":{"line":45,"column":15},"end":{"line":45,"column":26}},"30":{"start":{"line":46,"column":6},"end":{"line":46,"column":86}},"31":{"start":{"line":51,"column":0},"end":{"line":57,"column":4}},"32":{"start":{"line":52,"column":2},"end":{"line":57,"column":4}},"33":{"start":{"line":53,"column":4},"end":{"line":56,"column":6}},"34":{"start":{"line":54,"column":6},"end":{"line":54,"column":26}},"35":{"start":{"line":54,"column":15},"end":{"line":54,"column":26}},"36":{"start":{"line":55,"column":6},"end":{"line":55,"column":82}},"37":{"start":{"line":60,"column":0},"end":{"line":66,"column":4}},"38":{"start":{"line":61,"column":2},"end":{"line":66,"column":4}},"39":{"start":{"line":62,"column":4},"end":{"line":65,"column":6}},"40":{"start":{"line":63,"column":6},"end":{"line":63,"column":26}},"41":{"start":{"line":63,"column":15},"end":{"line":63,"column":26}},"42":{"start":{"line":64,"column":6},"end":{"line":64,"column":18}},"43":{"start":{"line":69,"column":0},"end":{"line":75,"column":4}},"44":{"start":{"line":70,"column":2},"end":{"line":75,"column":4}},"45":{"start":{"line":71,"column":4},"end":{"line":74,"column":6}},"46":{"start":{"line":72,"column":6},"end":{"line":72,"column":26}},"47":{"start":{"line":72,"column":15},"end":{"line":72,"column":26}},"48":{"start":{"line":73,"column":6},"end":{"line":73,"column":85}},"49":{"start":{"line":77,"column":0},"end":{"line":77,"column":66}},"50":{"start":{"line":77,"column":52},"end":{"line":77,"column":66}},"51":{"start":{"line":79,"column":0},"end":{"line":79,"column":52}},"52":{"start":{"line":79,"column":38},"end":{"line":79,"column":52}}},"fnMap":{"0":{"name":"(anonymous_0)","decl":{"start":{"line":3,"column":32},"end":{"line":3,"column":33}},"loc":{"start":{"line":4,"column":2},"end":{"line":11,"column":4}},"line":4},"1":{"name":"(anonymous_1)","decl":{"start":{"line":4,"column":14},"end":{"line":4,"column":15}},"loc":{"start":{"line":4,"column":35},"end":{"line":11,"column":3}},"line":4},"2":{"name":"(anonymous_2)","decl":{"start":{"line":5,"column":30},"end":{"line":5,"column":31}},"loc":{"start":{"line":5,"column":36},"end":{"line":7,"column":5}},"line":5},"3":{"name":"(anonymous_3)","decl":{"start":{"line":8,"column":28},"end":{"line":8,"column":29}},"loc":{"start":{"line":8,"column":37},"end":{"line":10,"column":5}},"line":8},"4":{"name":"(anonymous_4)","decl":{"start":{"line":15,"column":31},"end":{"line":15,"column":32}},"loc":{"start":{"line":16,"column":2},"end":{"line":21,"column":4}},"line":16},"5":{"name":"(anonymous_5)","decl":{"start":{"line":16,"column":14},"end":{"line":16,"column":15}},"loc":{"start":{"line":16,"column":35},"end":{"line":21,"column":3}},"line":16},"6":{"name":"(anonymous_6)","decl":{"start":{"line":17,"column":31},"end":{"line":17,"column":32}},"loc":{"start":{"line":17,"column":40},"end":{"line":20,"column":5}},"line":17},"7":{"name":"(anonymous_7)","decl":{"start":{"line":24,"column":32},"end":{"line":24,"column":33}},"loc":{"start":{"line":25,"column":2},"end":{"line":30,"column":4}},"line":25},"8":{"name":"(anonymous_8)","decl":{"start":{"line":25,"column":14},"end":{"line":25,"column":15}},"loc":{"start":{"line":25,"column":35},"end":{"line":30,"column":3}},"line":25},"9":{"name":"(anonymous_9)","decl":{"start":{"line":26,"column":19},"end":{"line":26,"column":20}},"loc":{"start":{"line":26,"column":33},"end":{"line":29,"column":5}},"line":26},"10":{"name":"(anonymous_10)","decl":{"start":{"line":33,"column":31},"end":{"line":33,"column":32}},"loc":{"start":{"line":34,"column":2},"end":{"line":39,"column":4}},"line":34},"11":{"name":"(anonymous_11)","decl":{"start":{"line":34,"column":14},"end":{"line":34,"column":15}},"loc":{"start":{"line":34,"column":35},"end":{"line":39,"column":3}},"line":34},"12":{"name":"(anonymous_12)","decl":{"start":{"line":35,"column":22},"end":{"line":35,"column":23}},"loc":{"start":{"line":35,"column":36},"end":{"line":38,"column":5}},"line":35},"13":{"name":"(anonymous_13)","decl":{"start":{"line":42,"column":36},"end":{"line":42,"column":37}},"loc":{"start":{"line":43,"column":2},"end":{"line":48,"column":4}},"line":43},"14":{"name":"(anonymous_14)","decl":{"start":{"line":43,"column":14},"end":{"line":43,"column":15}},"loc":{"start":{"line":43,"column":35},"end":{"line":48,"column":3}},"line":43},"15":{"name":"(anonymous_15)","decl":{"start":{"line":44,"column":32},"end":{"line":44,"column":33}},"loc":{"start":{"line":44,"column":46},"end":{"line":47,"column":5}},"line":44},"16":{"name":"(anonymous_16)","decl":{"start":{"line":51,"column":39},"end":{"line":51,"column":40}},"loc":{"start":{"line":52,"column":2},"end":{"line":57,"column":4}},"line":52},"17":{"name":"(anonymous_17)","decl":{"start":{"line":52,"column":14},"end":{"line":52,"column":15}},"loc":{"start":{"line":52,"column":35},"end":{"line":57,"column":3}},"line":52},"18":{"name":"(anonymous_18)","decl":{"start":{"line":53,"column":32},"end":{"line":53,"column":33}},"loc":{"start":{"line":53,"column":46},"end":{"line":56,"column":5}},"line":53},"19":{"name":"(anonymous_19)","decl":{"start":{"line":60,"column":32},"end":{"line":60,"column":33}},"loc":{"start":{"line":61,"column":2},"end":{"line":66,"column":4}},"line":61},"20":{"name":"(anonymous_20)","decl":{"start":{"line":61,"column":14},"end":{"line":61,"column":15}},"loc":{"start":{"line":61,"column":35},"end":{"line":66,"column":3}},"line":61},"21":{"name":"(anonymous_21)","decl":{"start":{"line":62,"column":19},"end":{"line":62,"column":20}},"loc":{"start":{"line":62,"column":28},"end":{"line":65,"column":5}},"line":62},"22":{"name":"(anonymous_22)","decl":{"start":{"line":69,"column":41},"end":{"line":69,"column":42}},"loc":{"start":{"line":70,"column":2},"end":{"line":75,"column":4}},"line":70},"23":{"name":"(anonymous_23)","decl":{"start":{"line":70,"column":14},"end":{"line":70,"column":15}},"loc":{"start":{"line":70,"column":35},"end":{"line":75,"column":3}},"line":70},"24":{"name":"(anonymous_24)","decl":{"start":{"line":71,"column":27},"end":{"line":71,"column":28}},"loc":{"start":{"line":71,"column":41},"end":{"line":74,"column":5}},"line":71},"25":{"name":"(anonymous_25)","decl":{"start":{"line":77,"column":39},"end":{"line":77,"column":40}},"loc":{"start":{"line":77,"column":52},"end":{"line":77,"column":66}},"line":77},"26":{"name":"(anonymous_26)","decl":{"start":{"line":79,"column":31},"end":{"line":79,"column":32}},"loc":{"start":{"line":79,"column":38},"end":{"line":79,"column":52}},"line":79}},"branchMap":{"0":{"loc":{"start":{"line":18,"column":6},"end":{"line":18,"column":26}},"type":"if","locations":[{"start":{"line":18,"column":6},"end":{"line":18,"column":26}},{"start":{"line":18,"column":6},"end":{"line":18,"column":26}}],"line":18},"1":{"loc":{"start":{"line":27,"column":6},"end":{"line":27,"column":26}},"type":"if","locations":[{"start":{"line":27,"column":6},"end":{"line":27,"column":26}},{"start":{"line":27,"column":6},"end":{"line":27,"column":26}}],"line":27},"2":{"loc":{"start":{"line":36,"column":6},"end":{"line":36,"column":26}},"type":"if","locations":[{"start":{"line":36,"column":6},"end":{"line":36,"column":26}},{"start":{"line":36,"column":6},"end":{"line":36,"column":26}}],"line":36},"3":{"loc":{"start":{"line":37,"column":6},"end":{"line":37,"column":69}},"type":"cond-expr","locations":[{"start":{"line":37,"column":18},"end":{"line":37,"column":30}},{"start":{"line":37,"column":33},"end":{"line":37,"column":69}}],"line":37},"4":{"loc":{"start":{"line":45,"column":6},"end":{"line":45,"column":26}},"type":"if","locations":[{"start":{"line":45,"column":6},"end":{"line":45,"column":26}},{"start":{"line":45,"column":6},"end":{"line":45,"column":26}}],"line":45},"5":{"loc":{"start":{"line":46,"column":6},"end":{"line":46,"column":86}},"type":"cond-expr","locations":[{"start":{"line":46,"column":18},"end":{"line":46,"column":39}},{"start":{"line":46,"column":42},"end":{"line":46,"column":86}}],"line":46},"6":{"loc":{"start":{"line":54,"column":6},"end":{"line":54,"column":26}},"type":"if","locations":[{"start":{"line":54,"column":6},"end":{"line":54,"column":26}},{"start":{"line":54,"column":6},"end":{"line":54,"column":26}}],"line":54},"7":{"loc":{"start":{"line":55,"column":6},"end":{"line":55,"column":82}},"type":"cond-expr","locations":[{"start":{"line":55,"column":18},"end":{"line":55,"column":39}},{"start":{"line":55,"column":42},"end":{"line":55,"column":82}}],"line":55},"8":{"loc":{"start":{"line":63,"column":6},"end":{"line":63,"column":26}},"type":"if","locations":[{"start":{"line":63,"column":6},"end":{"line":63,"column":26}},{"start":{"line":63,"column":6},"end":{"line":63,"column":26}}],"line":63},"9":{"loc":{"start":{"line":72,"column":6},"end":{"line":72,"column":26}},"type":"if","locations":[{"start":{"line":72,"column":6},"end":{"line":72,"column":26}},{"start":{"line":72,"column":6},"end":{"line":72,"column":26}}],"line":72},"10":{"loc":{"start":{"line":73,"column":6},"end":{"line":73,"column":85}},"type":"cond-expr","locations":[{"start":{"line":73,"column":18},"end":{"line":73,"column":39}},{"start":{"line":73,"column":42},"end":{"line":73,"column":85}}],"line":73}},"s":{"0":1,"1":1,"2":0,"3":0,"4":0,"5":0,"6":0,"7":1,"8":0,"9":0,"10":0,"11":0,"12":0,"13":1,"14":0,"15":0,"16":0,"17":0,"18":0,"19":1,"20":0,"21":0,"22":0,"23":0,"24":0,"25":1,"26":0,"27":0,"28":0,"29":0,"30":0,"31":1,"32":0,"33":0,"34":0,"35":0,"36":0,"37":1,"38":0,"39":0,"40":0,"41":0,"42":0,"43":1,"44":0,"45":0,"46":0,"47":0,"48":0,"49":1,"50":1,"51":1,"52":1},"f":{"0":0,"1":0,"2":0,"3":0,"4":0,"5":0,"6":0,"7":0,"8":0,"9":0,"10":0,"11":0,"12":0,"13":0,"14":0,"15":0,"16":0,"17":0,"18":0,"19":0,"20":0,"21":0,"22":0,"23":0,"24":0,"25":1,"26":1},"b":{"0":[0,0],"1":[0,0],"2":[0,0],"3":[0,0],"4":[0,0],"5":[0,0],"6":[0,0],"7":[0,0],"8":[0,0],"9":[0,0],"10":[0,0]},"_coverageSchema":"332fd63041d2c1bcb487cc26dd0d5f7d97098a6c","hash":"233430f406a2c523a59ea880776f875bc144fef3"}
,"C:\\Users\\Thibaut\\Documents\\DevProjects\\WlmscpfsApi-Docker\\src\\helpers\\tools.js": {"path":"C:\\Users\\Thibaut\\Documents\\DevProjects\\WlmscpfsApi-Docker\\src\\helpers\\tools.js","statementMap":{"0":{"start":{"line":1,"column":13},"end":{"line":1,"column":28}},"1":{"start":{"line":3,"column":0},"end":{"line":7,"column":6}},"2":{"start":{"line":3,"column":58},"end":{"line":7,"column":6}},"3":{"start":{"line":4,"column":19},"end":{"line":4,"column":48}},"4":{"start":{"line":5,"column":2},"end":{"line":5,"column":28}},"5":{"start":{"line":6,"column":2},"end":{"line":6,"column":20}},"6":{"start":{"line":9,"column":0},"end":{"line":9,"column":65}},"7":{"start":{"line":9,"column":45},"end":{"line":9,"column":65}},"8":{"start":{"line":11,"column":0},"end":{"line":11,"column":57}},"9":{"start":{"line":11,"column":46},"end":{"line":11,"column":55}},"10":{"start":{"line":13,"column":0},"end":{"line":13,"column":76}},"11":{"start":{"line":13,"column":53},"end":{"line":13,"column":76}}},"fnMap":{"0":{"name":"(anonymous_0)","decl":{"start":{"line":3,"column":33},"end":{"line":3,"column":34}},"loc":{"start":{"line":3,"column":58},"end":{"line":7,"column":6}},"line":3},"1":{"name":"(anonymous_1)","decl":{"start":{"line":3,"column":71},"end":{"line":3,"column":72}},"loc":{"start":{"line":3,"column":94},"end":{"line":7,"column":1}},"line":3},"2":{"name":"(anonymous_2)","decl":{"start":{"line":9,"column":35},"end":{"line":9,"column":36}},"loc":{"start":{"line":9,"column":45},"end":{"line":9,"column":65}},"line":9},"3":{"name":"(anonymous_3)","decl":{"start":{"line":11,"column":35},"end":{"line":11,"column":36}},"loc":{"start":{"line":11,"column":44},"end":{"line":11,"column":57}},"line":11},"4":{"name":"(anonymous_4)","decl":{"start":{"line":13,"column":33},"end":{"line":13,"column":34}},"loc":{"start":{"line":13,"column":53},"end":{"line":13,"column":76}},"line":13}},"branchMap":{},"s":{"0":1,"1":1,"2":1,"3":2,"4":2,"5":2,"6":1,"7":1,"8":1,"9":1,"10":1,"11":2},"f":{"0":1,"1":2,"2":1,"3":1,"4":2},"b":{},"_coverageSchema":"332fd63041d2c1bcb487cc26dd0d5f7d97098a6c","hash":"45c004f7daf7060f60e02242adaaa7d92300218b"}
}
