{"C:\\Users\\Thibaut\\Documents\\DevProjects\\WlmscpfsApi-Docker\\src\\config\\constants.js": {"path":"C:\\Users\\Thibaut\\Documents\\DevProjects\\WlmscpfsApi-Docker\\src\\config\\constants.js","statementMap":{"0":{"start":{"line":1,"column":0},"end":{"line":1,"column":45}},"1":{"start":{"line":2,"column":0},"end":{"line":2,"column":42}},"2":{"start":{"line":3,"column":0},"end":{"line":3,"column":27}},"3":{"start":{"line":4,"column":0},"end":{"line":4,"column":34}},"4":{"start":{"line":5,"column":0},"end":{"line":5,"column":31}},"5":{"start":{"line":6,"column":0},"end":{"line":6,"column":92}},"6":{"start":{"line":8,"column":0},"end":{"line":8,"column":47}}},"fnMap":{},"branchMap":{},"s":{"0":1,"1":1,"2":1,"3":1,"4":1,"5":1,"6":1},"f":{},"b":{},"_coverageSchema":"332fd63041d2c1bcb487cc26dd0d5f7d97098a6c","hash":"8bf15dc5260db3c455764c73b8b1284fe22d8d4e"}
,"C:\\Users\\Thibaut\\Documents\\DevProjects\\WlmscpfsApi-Docker\\src\\helpers\\promise.js": {"path":"C:\\Users\\Thibaut\\Documents\\DevProjects\\WlmscpfsApi-Docker\\src\\helpers\\promise.js","statementMap":{"0":{"start":{"line":1,"column":16},"end":{"line":1,"column":35}},"1":{"start":{"line":2,"column":11},"end":{"line":2,"column":46}},"2":{"start":{"line":4,"column":17},"end":{"line":4,"column":47}},"3":{"start":{"line":6,"column":0},"end":{"line":6,"column":22}},"4":{"start":{"line":8,"column":0},"end":{"line":10,"column":32}},"5":{"start":{"line":8,"column":50},"end":{"line":10,"column":32}},"6":{"start":{"line":8,"column":82},"end":{"line":10,"column":31}},"7":{"start":{"line":9,"column":14},"end":{"line":9,"column":18}},"8":{"start":{"line":10,"column":16},"end":{"line":10,"column":29}},"9":{"start":{"line":12,"column":0},"end":{"line":12,"column":72}},"10":{"start":{"line":12,"column":43},"end":{"line":12,"column":72}},"11":{"start":{"line":14,"column":0},"end":{"line":14,"column":31}},"12":{"start":{"line":16,"column":0},"end":{"line":19,"column":1}},"13":{"start":{"line":17,"column":2},"end":{"line":17,"column":26}},"14":{"start":{"line":18,"column":2},"end":{"line":18,"column":12}},"15":{"start":{"line":20,"column":0},"end":{"line":23,"column":1}},"16":{"start":{"line":21,"column":2},"end":{"line":21,"column":26}},"17":{"start":{"line":22,"column":2},"end":{"line":22,"column":12}},"18":{"start":{"line":25,"column":0},"end":{"line":28,"column":1}},"19":{"start":{"line":26,"column":2},"end":{"line":26,"column":25}},"20":{"start":{"line":27,"column":2},"end":{"line":27,"column":12}},"21":{"start":{"line":29,"column":0},"end":{"line":32,"column":1}},"22":{"start":{"line":30,"column":2},"end":{"line":30,"column":26}},"23":{"start":{"line":31,"column":2},"end":{"line":31,"column":12}},"24":{"start":{"line":33,"column":0},"end":{"line":36,"column":1}},"25":{"start":{"line":34,"column":2},"end":{"line":34,"column":26}},"26":{"start":{"line":35,"column":2},"end":{"line":35,"column":12}}},"fnMap":{"0":{"name":"(anonymous_0)","decl":{"start":{"line":8,"column":36},"end":{"line":8,"column":37}},"loc":{"start":{"line":8,"column":50},"end":{"line":10,"column":32}},"line":8},"1":{"name":"(anonymous_1)","decl":{"start":{"line":8,"column":74},"end":{"line":8,"column":75}},"loc":{"start":{"line":8,"column":82},"end":{"line":10,"column":31}},"line":8},"2":{"name":"(anonymous_2)","decl":{"start":{"line":9,"column":8},"end":{"line":9,"column":9}},"loc":{"start":{"line":9,"column":14},"end":{"line":9,"column":18}},"line":9},"3":{"name":"(anonymous_3)","decl":{"start":{"line":10,"column":9},"end":{"line":10,"column":10}},"loc":{"start":{"line":10,"column":16},"end":{"line":10,"column":29}},"line":10},"4":{"name":"(anonymous_4)","decl":{"start":{"line":12,"column":27},"end":{"line":12,"column":28}},"loc":{"start":{"line":12,"column":43},"end":{"line":12,"column":72}},"line":12},"5":{"name":"(anonymous_5)","decl":{"start":{"line":16,"column":35},"end":{"line":16,"column":36}},"loc":{"start":{"line":16,"column":53},"end":{"line":19,"column":1}},"line":16},"6":{"name":"(anonymous_6)","decl":{"start":{"line":20,"column":35},"end":{"line":20,"column":36}},"loc":{"start":{"line":20,"column":53},"end":{"line":23,"column":1}},"line":20},"7":{"name":"(anonymous_7)","decl":{"start":{"line":25,"column":34},"end":{"line":25,"column":35}},"loc":{"start":{"line":25,"column":52},"end":{"line":28,"column":1}},"line":25},"8":{"name":"(anonymous_8)","decl":{"start":{"line":29,"column":35},"end":{"line":29,"column":36}},"loc":{"start":{"line":29,"column":53},"end":{"line":32,"column":1}},"line":29},"9":{"name":"(anonymous_9)","decl":{"start":{"line":33,"column":35},"end":{"line":33,"column":36}},"loc":{"start":{"line":33,"column":53},"end":{"line":36,"column":1}},"line":33}},"branchMap":{},"s":{"0":1,"1":1,"2":1,"3":1,"4":1,"5":2,"6":4,"7":3,"8":1,"9":1,"10":0,"11":1,"12":1,"13":0,"14":0,"15":1,"16":0,"17":0,"18":1,"19":0,"20":0,"21":1,"22":0,"23":0,"24":1,"25":0,"26":0},"f":{"0":2,"1":4,"2":3,"3":1,"4":0,"5":0,"6":0,"7":0,"8":0,"9":0},"b":{},"_coverageSchema":"332fd63041d2c1bcb487cc26dd0d5f7d97098a6c","hash":"b8116be589dc239f2cfcc2c0e7322e6b2e815518"}
,"C:\\Users\\Thibaut\\Documents\\DevProjects\\WlmscpfsApi-Docker\\src\\helpers\\tools.js": {"path":"C:\\Users\\Thibaut\\Documents\\DevProjects\\WlmscpfsApi-Docker\\src\\helpers\\tools.js","statementMap":{"0":{"start":{"line":1,"column":13},"end":{"line":1,"column":28}},"1":{"start":{"line":3,"column":0},"end":{"line":7,"column":6}},"2":{"start":{"line":3,"column":58},"end":{"line":7,"column":6}},"3":{"start":{"line":4,"column":19},"end":{"line":4,"column":48}},"4":{"start":{"line":5,"column":2},"end":{"line":5,"column":28}},"5":{"start":{"line":6,"column":2},"end":{"line":6,"column":20}},"6":{"start":{"line":9,"column":0},"end":{"line":9,"column":65}},"7":{"start":{"line":9,"column":45},"end":{"line":9,"column":65}},"8":{"start":{"line":11,"column":0},"end":{"line":11,"column":57}},"9":{"start":{"line":11,"column":46},"end":{"line":11,"column":55}},"10":{"start":{"line":13,"column":0},"end":{"line":13,"column":76}},"11":{"start":{"line":13,"column":53},"end":{"line":13,"column":76}}},"fnMap":{"0":{"name":"(anonymous_0)","decl":{"start":{"line":3,"column":33},"end":{"line":3,"column":34}},"loc":{"start":{"line":3,"column":58},"end":{"line":7,"column":6}},"line":3},"1":{"name":"(anonymous_1)","decl":{"start":{"line":3,"column":71},"end":{"line":3,"column":72}},"loc":{"start":{"line":3,"column":94},"end":{"line":7,"column":1}},"line":3},"2":{"name":"(anonymous_2)","decl":{"start":{"line":9,"column":35},"end":{"line":9,"column":36}},"loc":{"start":{"line":9,"column":45},"end":{"line":9,"column":65}},"line":9},"3":{"name":"(anonymous_3)","decl":{"start":{"line":11,"column":35},"end":{"line":11,"column":36}},"loc":{"start":{"line":11,"column":44},"end":{"line":11,"column":57}},"line":11},"4":{"name":"(anonymous_4)","decl":{"start":{"line":13,"column":33},"end":{"line":13,"column":34}},"loc":{"start":{"line":13,"column":53},"end":{"line":13,"column":76}},"line":13}},"branchMap":{},"s":{"0":1,"1":1,"2":1,"3":2,"4":2,"5":2,"6":1,"7":1,"8":1,"9":1,"10":1,"11":2},"f":{"0":1,"1":2,"2":1,"3":1,"4":2},"b":{},"_coverageSchema":"332fd63041d2c1bcb487cc26dd0d5f7d97098a6c","hash":"45c004f7daf7060f60e02242adaaa7d92300218b"}
}
