TN:
SF:C:\Users\Thibaut\Documents\DevProjects\WlmscpfsApi-Docker\src\config\constants.js
FNF:0
FNH:0
DA:1,1
DA:2,1
DA:3,1
DA:4,1
DA:5,1
DA:6,1
DA:8,1
LF:7
LH:7
BRF:0
BRH:0
end_of_record
TN:
SF:C:\Users\Thibaut\Documents\DevProjects\WlmscpfsApi-Docker\src\helpers\promise.js
FN:8,(anonymous_0)
FN:8,(anonymous_1)
FN:9,(anonymous_2)
FN:10,(anonymous_3)
FN:12,(anonymous_4)
FN:16,(anonymous_5)
FN:20,(anonymous_6)
FN:25,(anonymous_7)
FN:29,(anonymous_8)
FN:33,(anonymous_9)
FNF:10
FNH:4
FNDA:2,(anonymous_0)
FNDA:4,(anonymous_1)
FNDA:3,(anonymous_2)
FNDA:1,(anonymous_3)
FNDA:0,(anonymous_4)
FNDA:0,(anonymous_5)
FNDA:0,(anonymous_6)
FNDA:0,(anonymous_7)
FNDA:0,(anonymous_8)
FNDA:0,(anonymous_9)
DA:1,1
DA:2,1
DA:4,1
DA:6,1
DA:8,4
DA:9,3
DA:10,1
DA:12,1
DA:14,1
DA:16,1
DA:17,0
DA:18,0
DA:20,1
DA:21,0
DA:22,0
DA:25,1
DA:26,0
DA:27,0
DA:29,1
DA:30,0
DA:31,0
DA:33,1
DA:34,0
DA:35,0
LF:24
LH:14
BRF:0
BRH:0
end_of_record
TN:
SF:C:\Users\Thibaut\Documents\DevProjects\WlmscpfsApi-Docker\src\helpers\tools.js
FN:3,(anonymous_0)
FN:3,(anonymous_1)
FN:9,(anonymous_2)
FN:11,(anonymous_3)
FN:13,(anonymous_4)
FNF:5
FNH:5
FNDA:1,(anonymous_0)
FNDA:2,(anonymous_1)
FNDA:1,(anonymous_2)
FNDA:1,(anonymous_3)
FNDA:2,(anonymous_4)
DA:1,1
DA:3,1
DA:4,2
DA:5,2
DA:6,2
DA:9,1
DA:11,1
DA:13,2
LF:8
LH:8
BRF:0
BRH:0
end_of_record
